0001_0114_0054_0274_0274.jpg 1 114 54 274 274
0002_0110_0179_0150_0150.jpg 1 110 179 150 150
0003_0204_0063_0212_0212.jpg 1 204 63 212 212
0004_0145_0034_0255_0255.jpg 1 145 34 255 255
0005_0144_0154_0200_0200.jpg 1 144 154 200 200
0006_0331_0034_0184_0184.jpg 1 331 34 184 184
0007_0146_0119_0307_0307.jpg 1 146 119 307 307
0008_0440_0249_0080_0080.jpg 1 440 249 80 80
0009_0258_0083_0299_0299.jpg 1 258 83 299 299
0010_0315_0111_0281_0281.jpg 1 315 111 281 281
0011_0167_0146_0231_0231.jpg 1 167 146 231 231
0012_0134_0139_0234_0234.jpg 1 134 139 234 234
0013_0376_0219_0025_0025.jpg 1 376 219 25 25
0014_0274_0065_0077_0077.jpg 1 274 65 77 77
0015_0402_0072_0149_0149.jpg 1 402 72 149 149
0016_0316_0236_0074_0074.jpg 1 316 236 74 74
0017_0220_0026_0332_0332.jpg 1 220 26 332 332
0018_0122_0104_0264_0264.jpg 1 122 104 264 264
0019_0295_0261_0068_0068.jpg 1 295 261 68 68
0020_0307_0061_0327_0327.jpg 1 307 61 327 327
0021_0087_0146_0294_0294.jpg 1 87 146 294 294
0022_0353_0064_0085_0085.jpg 1 353 64 85 85
0023_0141_0098_0173_0173.jpg 1 141 98 173 173
0024_0158_0126_0319_0319.jpg 1 158 126 319 319
0025_0118_0139_0294_0294.jpg 1 118 139 294 294
0026_0126_0076_0299_0299.jpg 1 126 76 299 299
0027_0099_0061_0044_0044.jpg 1 99 61 44 44
0028_0163_0052_0303_0303.jpg 1 163 52 303 303
0029_0206_0156_0280_0280.jpg 1 206 156 280 280
0030_0186_0050_0207_0207.jpg 1 186 50 207 207
0031_0315_0064_0315_0315.jpg 1 315 64 315 315
0032_0193_0137_0252_0252.jpg 1 193 137 252 252
0033_0224_0021_0298_0298.jpg 1 224 21 298 298
0034_0377_0225_0196_0196.jpg 1 377 225 196 196
0035_0420_0239_0136_0136.jpg 1 420 239 136 136
0036_0192_0073_0301_0301.jpg 1 192 73 301 301
0037_0142_0078_0262_0262.jpg 1 142 78 262 262
0038_0251_0098_0294_0294.jpg 1 251 98 294 294
0039_0247_0123_0219_0219.jpg 1 247 123 219 219
0040_0090_0089_0059_0059.jpg 1 90 89 59 59
0041_0387_0084_0196_0196.jpg 1 387 84 196 196
0042_0091_0048_0238_0238.jpg 1 91 48 238 238
0043_0133_0055_0088_0088.jpg 1 133 55 88 88
0044_0232_0029_0248_0248.jpg 1 232 29 248 248
0045_0099_0161_0196_0196.jpg 1 99 161 196 196
0046_0094_0228_0163_0163.jpg 1 94 228 163 163
0047_0169_0093_0324_0324.jpg 1 169 93 324 324
0048_0442_0158_0068_0068.jpg 1 442 158 68 68
0049_0469_0352_0024_0024.jpg 1 469 352 24 24
0050_0332_0185_0223_0223.jpg 1 332 185 223 223
0051_0094_0237_0031_0031.jpg 1 94 237 31 31
0052_0405_0052_0123_0123.jpg 1 405 52 123 123
0053_0084_0107_0113_0113.jpg 1 84 107 113 113
0054_0164_0136_0189_0189.jpg 1 164 136 189 189
0055_0355_0073_0249_0249.jpg 1 355 73 249 249
0056_0236_0088_0132_0132.jpg 1 236 88 132 132
0057_0278_0095_0237_0237.jpg 1 278 95 237 237
0058_0214_0250_0058_0058.jpg 1 214 250 58 58
0059_0235_0289_0076_0076.jpg 1 235 289 76 76
0060_0374_0083_0171_0171.jpg 1 374 83 171 171
0061_0306_0075_0309_0309.jpg 1 306 75 309 309
0062_0068_0287_0037_0037.jpg 1 68 287 37 37
0063_0366_0109_0083_0083.jpg 1 366 109 83 83
0064_0210_0151_0175_0175.jpg 1 210 151 175 175
0065_0197_0212_0198_0198.jpg 1 197 212 198 198
0066_0354_0048_0270_0270.jpg 1 354 48 270 270
0067_0213_0049_0219_0219.jpg 1 213 49 219 219
0068_0138_0177_0045_0045.jpg 1 138 177 45 45
0069_0200_0290_0030_0030.jpg 1 200 290 30 30
0070_0464_0173_0067_0067.jpg 1 464 173 67 67
0071_0245_0202_0197_0197.jpg 1 245 202 197 197
0072_0298_0116_0317_0317.jpg 1 298 116 317 317
0073_0148_0160_0184_0184.jpg 1 148 160 184 184
0074_0189_0040_0275_0275.jpg 1 189 40 275 275
0075_0254_0065_0281_0281.jpg 1 254 65 281 281
0076_0121_0079_0328_0328.jpg 1 121 79 328 328
0077_0077_0112_0286_0286.jpg 1 77 112 286 286
0078_0432_0060_0146_0146.jpg 1 432 60 146 146
0079_0052_0121_0313_0313.jpg 1 52 121 313 313
0080_0477_0078_0103_0103.jpg 1 477 78 103 103
0081_0124_0291_0108_0108.jpg 1 124 291 108 108
0082_0124_0113_0307_0307.jpg 1 124 113 307 307
0083_0123_0116_0104_0104.jpg 1 123 116 104 104
0084_0309_0135_0305_0305.jpg 1 309 135 305 305
0085_0403_0048_0178_0178.jpg 1 403 48 178 178
0086_0065_0129_0220_0220.jpg 1 65 129 220 220
0087_0453_0231_0102_0102.jpg 1 453 231 102 102
0088_0167_0203_0059_0059.jpg 1 167 203 59 59
0089_0363_0156_0189_0189.jpg 1 363 156 189 189
0090_0180_0111_0277_0277.jpg 1 180 111 277 277
0091_0244_0162_0174_0174.jpg 1 244 162 174 174
0092_0227_0060_0172_0172.jpg 1 227 60 172 172
0093_0268_0106_0274_0274.jpg 1 268 106 274 274
0094_0302_0100_0223_0223.jpg 1 302 100 223 223
0095_0373_0076_0244_0244.jpg 1 373 76 244 244
0096_0119_0067_0235_0235.jpg 1 119 67 235 235
0097_0266_0101_0292_0292.jpg 1 266 101 292 292
0098_0123_0074_0327_0327.jpg 1 123 74 327 327
0099_0193_0240_0128_0128.jpg 1 193 240 128 128
0100_0186_0154_0163_0163.jpg 1 186 154 163 163
0101_0183_0186_0216_0216.jpg 1 183 186 216 216
0102_0271_0289_0062_0062.jpg 1 271 289 62 62
0103_0201_0054_0078_0078.jpg 1 201 54 78 78
0104_0125_0087_0212_0212.jpg 1 125 87 212 212
0105_0161_0077_0335_0335.jpg 1 161 77 335 335
0106_0236_0186_0227_0227.jpg 1 236 186 227 227
0107_0144_0141_0264_0264.jpg 1 144 141 264 264
0108_0126_0302_0051_0051.jpg 1 126 302 51 51
0109_0279_0060_0274_0274.jpg 1 279 60 274 274
0110_0304_0268_0107_0107.jpg 1 304 268 107 107
0111_0533_0212_0033_0033.jpg 1 533 212 33 33
0112_0184_0205_0204_0204.jpg 1 184 205 204 204
0113_0456_0081_0142_0142.jpg 1 456 81 142 142
0114_0093_0066_0276_0276.jpg 1 93 66 276 276
0115_0340_0254_0139_0139.jpg 1 340 254 139 139
0116_0248_0071_0267_0267.jpg 1 248 71 267 267
0117_0129_0193_0046_0046.jpg 1 129 193 46 46
0118_0293_0181_0138_0138.jpg 1 293 181 138 138
0119_0109_0124_0251_0251.jpg 1 109 124 251 251
0120_0092_0105_0258_0258.jpg 1 92 105 258 258
0121_0160_0106_0210_0210.jpg 1 160 106 210 210
0122_0075_0132_0276_0276.jpg 1 75 132 276 276
0123_0317_0111_0256_0256.jpg 1 317 111 256 256
0124_0244_0063_0102_0102.jpg 1 244 63 102 102
0125_0234_0030_0193_0193.jpg 1 234 30 193 193
0126_0321_0319_0057_0057.jpg 1 321 319 57 57
0127_0265_0219_0130_0130.jpg 1 265 219 130 130
0128_0145_0185_0178_0178.jpg 1 145 185 178 178
0129_0448_0280_0119_0119.jpg 1 448 280 119 119
0130_0386_0045_0137_0137.jpg 1 386 45 137 137
0131_0159_0063_0307_0307.jpg 1 159 63 307 307
0132_0305_0136_0153_0153.jpg 1 305 136 153 153
0133_0440_0280_0122_0122.jpg 1 440 280 122 122
0134_0364_0112_0179_0179.jpg 1 364 112 179 179
0135_0524_0278_0050_0050.jpg 1 524 278 50 50
0136_0469_0246_0082_0082.jpg 1 469 246 82 82
0137_0472_0114_0082_0082.jpg 1 472 114 82 82
0138_0307_0135_0094_0094.jpg 1 307 135 94 94
0139_0420_0174_0169_0169.jpg 1 420 174 169 169
0140_0079_0298_0051_0051.jpg 1 79 298 51 51
0141_0246_0093_0167_0167.jpg 1 246 93 167 167
0142_0372_0031_0247_0247.jpg 1 372 31 247 247
0143_0455_0154_0079_0079.jpg 1 455 154 79 79
0144_0310_0083_0121_0121.jpg 1 310 83 121 121
0145_0224_0177_0177_0177.jpg 1 224 177 177 177
0146_0195_0033_0324_0324.jpg 1 195 33 324 324
0147_0242_0110_0313_0313.jpg 1 242 110 313 313
0148_0246_0059_0195_0195.jpg 1 246 59 195 195
0149_0349_0234_0138_0138.jpg 1 349 234 138 138
0150_0168_0129_0103_0103.jpg 1 168 129 103 103
0151_0492_0268_0096_0096.jpg 1 492 268 96 96
0152_0072_0039_0232_0232.jpg 1 72 39 232 232
0153_0361_0080_0157_0157.jpg 1 361 80 157 157
0154_0265_0048_0297_0297.jpg 1 265 48 297 297
0155_0377_0144_0234_0234.jpg 1 377 144 234 234
0156_0165_0101_0263_0263.jpg 1 165 101 263 263
0157_0110_0059_0251_0251.jpg 1 110 59 251 251
0158_0175_0021_0306_0306.jpg 1 175 21 306 306
0159_0422_0262_0148_0148.jpg 1 422 262 148 148
0160_0232_0133_0134_0134.jpg 1 232 133 134 134
0161_0138_0148_0044_0044.jpg 1 138 148 44 44
0162_0134_0210_0044_0044.jpg 1 134 210 44 44
0163_0326_0093_0260_0260.jpg 1 326 93 260 260
0164_0089_0040_0228_0228.jpg 1 89 40 228 228
0165_0088_0207_0197_0197.jpg 1 88 207 197 197
0166_0423_0087_0097_0097.jpg 1 423 87 97 97
0167_0271_0315_0050_0050.jpg 1 271 315 50 50
0168_0157_0169_0057_0057.jpg 1 157 169 57 57
0169_0383_0214_0034_0034.jpg 1 383 214 34 34
0170_0108_0024_0242_0242.jpg 1 108 24 242 242
0171_0215_0052_0226_0226.jpg 1 215 52 226 226
0172_0366_0181_0095_0095.jpg 1 366 181 95 95
0173_0054_0039_0261_0261.jpg 1 54 39 261 261
0174_0340_0251_0073_0073.jpg 1 340 251 73 73
0175_0112_0090_0325_0325.jpg 1 112 90 325 325
0176_0144_0085_0089_0089.jpg 1 144 85 89 89
0177_0469_0139_0088_0088.jpg 1 469 139 88 88
0178_0455_0237_0119_0119.jpg 1 455 237 119 119
0179_0130_0147_0207_0207.jpg 1 130 147 207 207
0180_0069_0328_0047_0047.jpg 1 69 328 47 47
0181_0418_0118_0127_0127.jpg 1 418 118 127 127
0182_0102_0063_0335_0335.jpg 1 102 63 335 335
0183_0235_0168_0034_0034.jpg 1 235 168 34 34
0184_0139_0054_0145_0145.jpg 1 139 54 145 145
0185_0135_0140_0213_0213.jpg 1 135 140 213 213
0186_0106_0081_0137_0137.jpg 1 106 81 137 137
0187_0221_0175_0215_0215.jpg 1 221 175 215 215
0188_0102_0120_0266_0266.jpg 1 102 120 266 266
0189_0159_0210_0108_0108.jpg 1 159 210 108 108
0190_0163_0313_0069_0069.jpg 1 163 313 69 69
0191_0279_0159_0264_0264.jpg 1 279 159 264 264
0192_0259_0086_0110_0110.jpg 1 259 86 110 110
0193_0146_0034_0315_0315.jpg 1 146 34 315 315
0194_0211_0063_0335_0335.jpg 1 211 63 335 335
0195_0114_0142_0063_0063.jpg 1 114 142 63 63
0196_0299_0119_0303_0303.jpg 1 299 119 303 303
0197_0122_0088_0129_0129.jpg 1 122 88 129 129
0198_0360_0223_0181_0181.jpg 1 360 223 181 181
0199_0377_0153_0181_0181.jpg 1 377 153 181 181
0200_0078_0058_0259_0259.jpg 1 78 58 259 259
0201_0399_0076_0207_0207.jpg 1 399 76 207 207
0202_0169_0176_0174_0174.jpg 1 169 176 174 174
0203_0104_0087_0335_0335.jpg 1 104 87 335 335
0204_0171_0072_0228_0228.jpg 1 171 72 228 228
0205_0146_0179_0163_0163.jpg 1 146 179 163 163
0206_0156_0032_0309_0309.jpg 1 156 32 309 309
0207_0300_0064_0258_0258.jpg 1 300 64 258 258
0208_0072_0137_0291_0291.jpg 1 72 137 291 291
0209_0175_0104_0330_0330.jpg 1 175 104 330 330
0210_0221_0183_0053_0053.jpg 1 221 183 53 53
0211_0329_0056_0044_0044.jpg 1 329 56 44 44
0212_0247_0151_0264_0264.jpg 1 247 151 264 264
0213_0234_0110_0033_0033.jpg 1 234 110 33 33
0214_0312_0042_0313_0313.jpg 1 312 42 313 313
0215_0350_0217_0165_0165.jpg 1 350 217 165 165
0216_0206_0178_0166_0166.jpg 1 206 178 166 166
0217_0376_0237_0176_0176.jpg 1 376 237 176 176
0218_0322_0053_0249_0249.jpg 1 322 53 249 249
0219_0411_0249_0102_0102.jpg 1 411 249 102 102
0220_0198_0229_0142_0142.jpg 1 198 229 142 142
0221_0421_0100_0099_0099.jpg 1 421 100 99 99
0222_0416_0037_0189_0189.jpg 1 416 37 189 189
0223_0083_0141_0042_0042.jpg 1 83 141 42 42
0224_0326_0152_0234_0234.jpg 1 326 152 234 234
0225_0058_0165_0203_0203.jpg 1 58 165 203 203
0226_0238_0088_0224_0224.jpg 1 238 88 224 224
0227_0403_0214_0150_0150.jpg 1 403 214 150 150
0228_0126_0289_0094_0094.jpg 1 126 289 94 94
0229_0190_0039_0318_0318.jpg 1 190 39 318 318
0230_0304_0123_0318_0318.jpg 1 304 123 318 318
0231_0179_0111_0289_0289.jpg 1 179 111 289 289
0232_0159_0186_0226_0226.jpg 1 159 186 226 226
0233_0083_0136_0193_0193.jpg 1 83 136 193 193
0234_0263_0036_0248_0248.jpg 1 263 36 248 248
0235_0164_0031_0273_0273.jpg 1 164 31 273 273
0236_0443_0223_0041_0041.jpg 1 443 223 41 41
0237_0140_0058_0130_0130.jpg 1 140 58 130 130
0238_0296_0127_0304_0304.jpg 1 296 127 304 304
0239_0111_0095_0334_0334.jpg 1 111 95 334 334
0240_0439_0251_0119_0119.jpg 1 439 251 119 119
0241_0385_0235_0179_0179.jpg 1 385 235 179 179
0242_0141_0202_0165_0165.jpg 1 141 202 165 165
0243_0143_0032_0284_0284.jpg 1 143 32 284 284
0244_0300_0114_0311_0311.jpg 1 300 114 311 311
0245_0371_0083_0205_0205.jpg 1 371 83 205 205
0246_0324_0217_0138_0138.jpg 1 324 217 138 138
0247_0150_0069_0332_0332.jpg 1 150 69 332 332
0248_0228_0154_0118_0118.jpg 1 228 154 118 118
0249_0310_0127_0100_0100.jpg 1 310 127 100 100
0250_0115_0080_0191_0191.jpg 1 115 80 191 191
0251_0144_0106_0272_0272.jpg 1 144 106 272 272
0252_0363_0115_0230_0230.jpg 1 363 115 230 230
0253_0107_0062_0144_0144.jpg 1 107 62 144 144
0254_0108_0080_0216_0216.jpg 1 108 80 216 216
0255_0468_0046_0104_0104.jpg 1 468 46 104 104
0256_0319_0174_0090_0090.jpg 1 319 174 90 90
0257_0283_0176_0212_0212.jpg 1 283 176 212 212
0258_0071_0049_0159_0159.jpg 1 71 49 159 159
0259_0198_0220_0041_0041.jpg 1 198 220 41 41
0260_0513_0302_0071_0071.jpg 1 513 302 71 71
0261_0372_0167_0119_0119.jpg 1 372 167 119 119
0262_0086_0101_0127_0127.jpg 1 86 101 127 127
0263_0322_0062_0279_0279.jpg 1 322 62 279 279
0264_0177_0147_0236_0236.jpg 1 177 147 236 236
0265_0270_0157_0237_0237.jpg 1 270 157 237 237
0266_0066_0264_0141_0141.jpg 1 66 264 141 141
0267_0520_0063_0056_0056.jpg 1 520 63 56 56
0268_0229_0193_0214_0214.jpg 1 229 193 214 214
0269_0109_0090_0254_0254.jpg 1 109 90 254 254
0270_0209_0041_0257_0257.jpg 1 209 41 257 257
0271_0284_0107_0215_0215.jpg 1 284 107 215 215
0272_0308_0282_0031_0031.jpg 1 308 282 31 31
0273_0083_0076_0288_0288.jpg 1 83 76 288 288
0274_0133_0286_0025_0025.jpg 1 133 286 25 25
0275_0140_0147_0176_0176.jpg 1 140 147 176 176
0276_0227_0060_0124_0124.jpg 1 227 60 124 124
0277_0172_0039_0267_0267.jpg 1 172 39 267 267
0278_0191_0269_0108_0108.jpg 1 191 269 108 108
0279_0225_0053_0096_0096.jpg 1 225 53 96 96
0280_0388_0076_0202_0202.jpg 1 388 76 202 202
0281_0253_0114_0321_0321.jpg 1 253 114 321 321
0282_0387_0181_0186_0186.jpg 1 387 181 186 186
0283_0270_0087_0309_0309.jpg 1 270 87 309 309
0284_0138_0117_0065_0065.jpg 1 138 117 65 65
0285_0359_0141_0164_0164.jpg 1 359 141 164 164
0286_0253_0068_0329_0329.jpg 1 253 68 329 329
0287_0060_0041_0276_0276.jpg 1 60 41 276 276
0288_0411_0214_0113_0113.jpg 1 411 214 113 113
0289_0194_0225_0116_0116.jpg 1 194 225 116 116
0290_0193_0056_0285_0285.jpg 1 193 56 285 285
0291_0244_0058_0266_0266.jpg 1 244 58 266 266
0292_0336_0156_0280_0280.jpg 1 336 156 280 280
0293_0310_0203_0089_0089.jpg 1 310 203 89 89
0294_0126_0115_0289_0289.jpg 1 126 115 289 289
0295_0238_0034_0292_0292.jpg 1 238 34 292 292
0296_0196_0227_0025_0025.jpg 1 196 227 25 25
0297_0264_0070_0188_0188.jpg 1 264 70 188 188
0298_0275_0121_0327_0327.jpg 1 275 121 327 327
0299_0331_0104_0298_0298.jpg 1 331 104 298 298
0300_0196_0105_0282_0282.jpg 1 196 105 282 282
0301_0092_0037_0285_0285.jpg 1 92 37 285 285
0302_0211_0064_0332_0332.jpg 1 211 64 332 332
0303_0076_0109_0329_0329.jpg 1 76 109 329 329
0304_0375_0097_0225_0225.jpg 1 375 97 225 225
0305_0469_0174_0076_0076.jpg 1 469 174 76 76
0306_0244_0130_0301_0301.jpg 1 244 130 301 301
0307_0064_0024_0281_0281.jpg 1 64 24 281 281
0308_0177_0111_0287_0287.jpg 1 177 111 287 287
0309_0294_0110_0317_0317.jpg 1 294 110 317 317
0310_0236_0144_0133_0133.jpg 1 236 144 133 133
0311_0457_0169_0057_0057.jpg 1 457 169 57 57
0312_0506_0162_0035_0035.jpg 1 506 162 35 35
0313_0515_0322_0052_0052.jpg 1 515 322 52 52
0314_0383_0115_0160_0160.jpg 1 383 115 160 160
0315_0157_0113_0258_0258.jpg 1 157 113 258 258
0316_0147_0118_0282_0282.jpg 1 147 118 282 282
0317_0301_0035_0311_0311.jpg 1 301 35 311 311
0318_0143_0131_0310_0310.jpg 1 143 131 310 310
0319_0398_0247_0031_0031.jpg 1 398 247 31 31
0320_0091_0167_0269_0269.jpg 1 91 167 269 269
0321_0447_0325_0055_0055.jpg 1 447 325 55 55
0322_0137_0235_0068_0068.jpg 1 137 235 68 68
0323_0121_0114_0293_0293.jpg 1 121 114 293 293
0324_0267_0145_0282_0282.jpg 1 267 145 282 282
0325_0164_0064_0258_0258.jpg 1 164 64 258 258
0326_0124_0114_0177_0177.jpg 1 124 114 177 177
0327_0280_0103_0264_0264.jpg 1 280 103 264 264
0328_0316_0060_0251_0251.jpg 1 316 60 251 251
0329_0054_0052_0234_0234.jpg 1 54 52 234 234
0330_0311_0202_0167_0167.jpg 1 311 202 167 167
0331_0139_0095_0142_0142.jpg 1 139 95 142 142
0332_0082_0076_0134_0134.jpg 1 82 76 134 134
0333_0126_0250_0102_0102.jpg 1 126 250 102 102
0334_0120_0029_0318_0318.jpg 1 120 29 318 318
0335_0177_0349_0029_0029.jpg 1 177 349 29 29
0336_0196_0046_0331_0331.jpg 1 196 46 331 331
0337_0139_0055_0246_0246.jpg 1 139 55 246 246
0338_0307_0106_0155_0155.jpg 1 307 106 155 155
0339_0204_0138_0083_0083.jpg 1 204 138 83 83
0340_0272_0242_0102_0102.jpg 1 272 242 102 102
0341_0152_0226_0119_0119.jpg 1 152 226 119 119
0342_0396_0078_0200_0200.jpg 1 396 78 200 200
0343_0085_0125_0094_0094.jpg 1 85 125 94 94
0344_0313_0053_0315_0315.jpg 1 313 53 315 315
0345_0155_0087_0241_0241.jpg 1 155 87 241 241
0346_0501_0239_0083_0083.jpg 1 501 239 83 83
0347_0137_0048_0182_0182.jpg 1 137 48 182 182
0348_0145_0084_0319_0319.jpg 1 145 84 319 319
0349_0124_0166_0270_0270.jpg 1 124 166 270 270
0350_0194_0113_0300_0300.jpg 1 194 113 300 300
0351_0205_0182_0211_0211.jpg 1 205 182 211 211
0352_0132_0171_0238_0238.jpg 1 132 171 238 238
0353_0143_0155_0046_0046.jpg 1 143 155 46 46
0354_0235_0211_0050_0050.jpg 1 235 211 50 50
0355_0163_0081_0332_0332.jpg 1 163 81 332 332
0356_0279_0061_0119_0119.jpg 1 279 61 119 119
0357_0098_0050_0204_0204.jpg 1 98 50 204 204
0358_0191_0110_0316_0316.jpg 1 191 110 316 316
0359_0090_0048_0222_0222.jpg 1 90 48 222 222
0360_0300_0100_0092_0092.jpg 1 300 100 92 92
0361_0248_0073_0231_0231.jpg 1 248 73 231 231
0362_0295_0117_0213_0213.jpg 1 295 117 213 213
0363_0133_0173_0195_0195.jpg 1 133 173 195 195
0364_0199_0109_0313_0313.jpg 1 199 109 313 313
0365_0164_0124_0065_0065.jpg 1 164 124 65 65
0366_0408_0275_0084_0084.jpg 1 408 275 84 84
0367_0252_0138_0093_0093.jpg 1 252 138 93 93
0368_0173_0308_0054_0054.jpg 1 173 308 54 54
0369_0374_0155_0215_0215.jpg 1 374 155 215 215
0370_0320_0125_0153_0153.jpg 1 320 125 153 153
0371_0439_0215_0080_0080.jpg 1 439 215 80 80
0372_0190_0021_0292_0292.jpg 1 190 21 292 292
0373_0151_0226_0169_0169.jpg 1 151 226 169 169
0374_0270_0112_0226_0226.jpg 1 270 112 226 226
0375_0297_0135_0202_0202.jpg 1 297 135 202 202
0376_0331_0324_0034_0034.jpg 1 331 324 34 34
0377_0189_0056_0180_0180.jpg 1 189 56 180 180
0378_0179_0053_0139_0139.jpg 1 179 53 139 139
0379_0151_0258_0101_0101.jpg 1 151 258 101 101
0380_0313_0121_0032_0032.jpg 1 313 121 32 32
0381_0328_0070_0165_0165.jpg 1 328 70 165 165
0382_0246_0083_0158_0158.jpg 1 246 83 158 158
0383_0181_0076_0113_0113.jpg 1 181 76 113 113
0384_0294_0119_0300_0300.jpg 1 294 119 300 300
0385_0208_0120_0212_0212.jpg 1 208 120 212 212
0386_0274_0044_0246_0246.jpg 1 274 44 246 246
0387_0223_0134_0270_0270.jpg 1 223 134 270 270
0388_0246_0063_0233_0233.jpg 1 246 63 233 233
0389_0148_0081_0036_0036.jpg 1 148 81 36 36
0390_0211_0130_0243_0243.jpg 1 211 130 243 243
0391_0261_0218_0183_0183.jpg 1 261 218 183 183
0392_0232_0134_0216_0216.jpg 1 232 134 216 216
0393_0104_0108_0160_0160.jpg 1 104 108 160 160
0394_0082_0148_0248_0248.jpg 1 82 148 248 248
0395_0149_0149_0279_0279.jpg 1 149 149 279 279
0396_0267_0104_0173_0173.jpg 1 267 104 173 173
0397_0195_0108_0325_0325.jpg 1 195 108 325 325
0398_0193_0089_0232_0232.jpg 1 193 89 232 232
0399_0351_0147_0205_0205.jpg 1 351 147 205 205
0400_0206_0064_0334_0334.jpg 1 206 64 334 334
0401_0261_0037_0239_0239.jpg 1 261 37 239 239
0402_0048_0117_0250_0250.jpg 1 48 117 250 250
0403_0194_0259_0141_0141.jpg 1 194 259 141 141
0404_0322_0323_0050_0050.jpg 1 322 323 50 50
0405_0367_0168_0158_0158.jpg 1 367 168 158 158
0406_0234_0105_0252_0252.jpg 1 234 105 252 252
0407_0064_0087_0080_0080.jpg 1 64 87 80 80
0408_0414_0256_0025_0025.jpg 1 414 256 25 25
0409_0312_0015_0328_0328.jpg 1 312 15 328 328
0410_0265_0301_0089_0089.jpg 1 265 301 89 89
0411_0272_0144_0115_0115.jpg 1 272 144 115 115
0412_0351_0099_0085_0085.jpg 1 351 99 85 85
0413_0129_0265_0133_0133.jpg 1 129 265 133 133
0414_0161_0041_0316_0316.jpg 1 161 41 316 316
0415_0094_0021_0335_0335.jpg 1 94 21 335 335
0416_0255_0057_0095_0095.jpg 1 255 57 95 95
0417_0225_0090_0136_0136.jpg 1 225 90 136 136
0418_0419_0103_0137_0137.jpg 1 419 103 137 137
0419_0068_0127_0232_0232.jpg 1 68 127 232 232
0420_0187_0144_0198_0198.jpg 1 187 144 198 198
0421_0244_0124_0318_0318.jpg 1 244 124 318 318
0422_0083_0081_0301_0301.jpg 1 83 81 301 301
0423_0173_0209_0208_0208.jpg 1 173 209 208 208
0424_0370_0116_0041_0041.jpg 1 370 116 41 41
0425_0088_0056_0270_0270.jpg 1 88 56 270 270
0426_0280_0130_0153_0153.jpg 1 280 130 153 153
0427_0050_0092_0301_0301.jpg 1 50 92 301 301
0428_0176_0077_0251_0251.jpg 1 176 77 251 251
0429_0459_0213_0128_0128.jpg 1 459 213 128 128
0430_0222_0100_0082_0082.jpg 1 222 100 82 82
0431_0229_0100_0072_0072.jpg 1 229 100 72 72
0432_0267_0048_0205_0205.jpg 1 267 48 205 205
0433_0131_0297_0065_0065.jpg 1 131 297 65 65
0434_0119_0091_0172_0172.jpg 1 119 91 172 172
0435_0377_0084_0186_0186.jpg 1 377 84 186 186
0436_0092_0118_0089_0089.jpg 1 92 118 89 89
0437_0163_0163_0263_0263.jpg 1 163 163 263 263
0438_0104_0189_0179_0179.jpg 1 104 189 179 179
0439_0322_0039_0298_0298.jpg 1 322 39 298 298
0440_0091_0103_0043_0043.jpg 1 91 103 43 43
0441_0327_0038_0255_0255.jpg 1 327 38 255 255
0442_0354_0157_0233_0233.jpg 1 354 157 233 233
0443_0069_0059_0166_0166.jpg 1 69 59 166 166
0444_0269_0233_0104_0104.jpg 1 269 233 104 104
0445_0284_0043_0253_0253.jpg 1 284 43 253 253
0446_0367_0081_0129_0129.jpg 1 367 81 129 129
0447_0277_0050_0165_0165.jpg 1 277 50 165 165
0448_0175_0102_0324_0324.jpg 1 175 102 324 324
0449_0189_0196_0222_0222.jpg 1 189 196 222 222
0450_0236_0112_0268_0268.jpg 1 236 112 268 268
0451_0339_0078_0275_0275.jpg 1 339 78 275 275
0452_0220_0070_0292_0292.jpg 1 220 70 292 292
0453_0122_0133_0176_0176.jpg 1 122 133 176 176
0454_0077_0150_0094_0094.jpg 1 77 150 94 94
0455_0333_0261_0045_0045.jpg 1 333 261 45 45
0456_0396_0208_0064_0064.jpg 1 396 208 64 64
0457_0125_0140_0296_0296.jpg 1 125 140 296 296
0458_0257_0146_0255_0255.jpg 1 257 146 255 255
0459_0300_0122_0216_0216.jpg 1 300 122 216 216
0460_0304_0109_0261_0261.jpg 1 304 109 261 261
0461_0332_0051_0075_0075.jpg 1 332 51 75 75
0462_0302_0043_0182_0182.jpg 1 302 43 182 182
0463_0338_0208_0195_0195.jpg 1 338 208 195 195
0464_0145_0114_0315_0315.jpg 1 145 114 315 315
0465_0204_0110_0312_0312.jpg 1 204 110 312 312
0466_0145_0344_0025_0025.jpg 1 145 344 25 25
0467_0296_0104_0285_0285.jpg 1 296 104 285 285
0468_0224_0129_0041_0041.jpg 1 224 129 41 41
0469_0467_0117_0128_0128.jpg 1 467 117 128 128
0470_0299_0094_0316_0316.jpg 1 299 94 316 316
0471_0101_0222_0138_0138.jpg 1 101 222 138 138
0472_0281_0096_0029_0029.jpg 1 281 96 29 29
0473_0209_0191_0088_0088.jpg 1 209 191 88 88
0474_0189_0137_0088_0088.jpg 1 189 137 88 88
0475_0250_0102_0239_0239.jpg 1 250 102 239 239
0476_0503_0329_0047_0047.jpg 1 503 329 47 47
0477_0222_0090_0158_0158.jpg 1 222 90 158 158
0478_0313_0037_0250_0250.jpg 1 313 37 250 250
0479_0373_0208_0114_0114.jpg 1 373 208 114 114
0480_0255_0306_0076_0076.jpg 1 255 306 76 76
0481_0300_0087_0122_0122.jpg 1 300 87 122 122
0482_0349_0109_0069_0069.jpg 1 349 109 69 69
0483_0267_0040_0230_0230.jpg 1 267 40 230 230
0484_0321_0051_0291_0291.jpg 1 321 51 291 291
0485_0437_0041_0134_0134.jpg 1 437 41 134 134
0486_0290_0083_0266_0266.jpg 1 290 83 266 266
0487_0409_0101_0147_0147.jpg 1 409 101 147 147
0488_0285_0026_0320_0320.jpg 1 285 26 320 320
0489_0195_0082_0302_0302.jpg 1 195 82 302 302
0490_0470_0092_0100_0100.jpg 1 470 92 100 100
0491_0356_0132_0127_0127.jpg 1 356 132 127 127
0492_0281_0029_0240_0240.jpg 1 281 29 240 240
0493_0308_0078_0143_0143.jpg 1 308 78 143 143
0494_0285_0118_0295_0295.jpg 1 285 118 295 295
0495_0336_0091_0204_0204.jpg 1 336 91 204 204
0496_0168_0191_0162_0162.jpg 1 168 191 162 162
0497_0288_0071_0335_0335.jpg 1 288 71 335 335
0498_0074_0127_0260_0260.jpg 1 74 127 260 260
0499_0395_0088_0038_0038.jpg 1 395 88 38 38
0500_0145_0095_0264_0264.jpg 1 145 95 264 264
0501_0489_0049_0070_0070.jpg 1 489 49 70 70
0502_0270_0062_0304_0304.jpg 1 270 62 304 304
0503_0064_0160_0100_0100.jpg 1 64 160 100 100
0504_0502_0157_0035_0035.jpg 1 502 157 35 35
0505_0066_0033_0329_0329.jpg 1 66 33 329 329
0506_0518_0058_0026_0026.jpg 1 518 58 26 26
0507_0418_0213_0126_0126.jpg 1 418 213 126 126
0508_0103_0146_0240_0240.jpg 1 103 146 240 240
0509_0071_0052_0211_0211.jpg 1 71 52 211 211
0510_0282_0112_0259_0259.jpg 1 282 112 259 259
0511_0222_0114_0119_0119.jpg 1 222 114 119 119
0512_0433_0116_0092_0092.jpg 1 433 116 92 92
0513_0279_0108_0129_0129.jpg 1 279 108 129 129
0514_0138_0210_0090_0090.jpg 1 138 210 90 90
0515_0243_0063_0109_0109.jpg 1 243 63 109 109
0516_0166_0228_0163_0163.jpg 1 166 228 163 163
0517_0244_0080_0277_0277.jpg 1 244 80 277 277
0518_0469_0254_0077_0077.jpg 1 469 254 77 77
0519_0307_0179_0202_0202.jpg 1 307 179 202 202
0520_0380_0116_0076_0076.jpg 1 380 116 76 76
0521_0366_0139_0211_0211.jpg 1 366 139 211 211
0522_0061_0155_0268_0268.jpg 1 61 155 268 268
0523_0356_0089_0260_0260.jpg 1 356 89 260 260
0524_0273_0083_0321_0321.jpg 1 273 83 321 321
0525_0155_0117_0305_0305.jpg 1 155 117 305 305
0526_0497_0130_0034_0034.jpg 1 497 130 34 34
0527_0392_0319_0069_0069.jpg 1 392 319 69 69
0528_0497_0246_0055_0055.jpg 1 497 246 55 55
0529_0215_0129_0079_0079.jpg 1 215 129 79 79
0530_0296_0186_0133_0133.jpg 1 296 186 133 133
0531_0268_0025_0305_0305.jpg 1 268 25 305 305
0532_0143_0250_0053_0053.jpg 1 143 250 53 53
0533_0338_0205_0061_0061.jpg 1 338 205 61 61
0534_0333_0071_0206_0206.jpg 1 333 71 206 206
0535_0119_0167_0139_0139.jpg 1 119 167 139 139
0536_0180_0135_0266_0266.jpg 1 180 135 266 266
0537_0328_0219_0156_0156.jpg 1 328 219 156 156
0538_0295_0109_0287_0287.jpg 1 295 109 287 287
0539_0112_0225_0026_0026.jpg 1 112 225 26 26
0540_0450_0217_0134_0134.jpg 1 450 217 134 134
0541_0238_0129_0312_0312.jpg 1 238 129 312 312
0542_0246_0060_0078_0078.jpg 1 246 60 78 78
0543_0509_0130_0073_0073.jpg 1 509 130 73 73
0544_0215_0114_0272_0272.jpg 1 215 114 272 272
0545_0222_0189_0243_0243.jpg 1 222 189 243 243
0546_0121_0199_0176_0176.jpg 1 121 199 176 176
0547_0135_0158_0123_0123.jpg 1 135 158 123 123
0548_0329_0080_0299_0299.jpg 1 329 80 299 299
0549_0073_0171_0245_0245.jpg 1 73 171 245 245
0550_0477_0216_0046_0046.jpg 1 477 216 46 46
0551_0410_0157_0202_0202.jpg 1 410 157 202 202
0552_0180_0149_0053_0053.jpg 1 180 149 53 53
0553_0420_0035_0158_0158.jpg 1 420 35 158 158
0554_0246_0216_0130_0130.jpg 1 246 216 130 130
0555_0073_0205_0049_0049.jpg 1 73 205 49 49
0556_0171_0053_0289_0289.jpg 1 171 53 289 289
0557_0257_0111_0275_0275.jpg 1 257 111 275 275
0558_0214_0099_0313_0313.jpg 1 214 99 313 313
0559_0058_0049_0251_0251.jpg 1 58 49 251 251
0560_0196_0116_0238_0238.jpg 1 196 116 238 238
0561_0436_0108_0114_0114.jpg 1 436 108 114 114
0562_0394_0095_0135_0135.jpg 1 394 95 135 135
0563_0089_0181_0222_0222.jpg 1 89 181 222 222
0564_0174_0050_0200_0200.jpg 1 174 50 200 200
0565_0204_0045_0260_0260.jpg 1 204 45 260 260
0566_0415_0299_0054_0054.jpg 1 415 299 54 54
0567_0072_0229_0140_0140.jpg 1 72 229 140 140
0568_0098_0051_0027_0027.jpg 1 98 51 27 27
0569_0425_0213_0164_0164.jpg 1 425 213 164 164
0570_0108_0244_0025_0025.jpg 1 108 244 25 25
0571_0241_0218_0077_0077.jpg 1 241 218 77 77
0572_0178_0188_0136_0136.jpg 1 178 188 136 136
0573_0130_0186_0065_0065.jpg 1 130 186 65 65
0574_0317_0100_0277_0277.jpg 1 317 100 277 277
0575_0488_0064_0105_0105.jpg 1 488 64 105 105
0576_0396_0235_0038_0038.jpg 1 396 235 38 38
0577_0421_0099_0189_0189.jpg 1 421 99 189 189
0578_0346_0082_0264_0264.jpg 1 346 82 264 264
0579_0301_0134_0261_0261.jpg 1 301 134 261 261
